[0m09:27:36.425914 [debug] [MainThread]: Sending event: {'category': 'dbt', 'action': 'invocation', 'label': 'start', 'context': [<snowplow_tracker.self_describing_json.SelfDescribingJson object at 0x105ba1c40>, <snowplow_tracker.self_describing_json.SelfDescribingJson object at 0x106c37370>, <snowplow_tracker.self_describing_json.SelfDescribingJson object at 0x106c37820>]}


============================== 09:27:36.431037 | 9d8579bf-85d4-4b3e-8d82-547f82a916f8 ==============================
[0m09:27:36.431037 [info ] [MainThread]: Running with dbt=1.11.0-b3
[0m09:27:36.431432 [debug] [MainThread]: running dbt with arguments {'profiles_dir': '/Users/abey/.dbt', 'introspect': 'True', 'static_parser': 'True', 'cache_selected_only': 'False', 'empty': 'None', 'printer_width': '80', 'log_format': 'default', 'log_cache_events': 'False', 'quiet': 'False', 'write_json': 'True', 'debug': 'False', 'send_anonymous_usage_stats': 'True', 'indirect_selection': 'eager', 'fail_fast': 'False', 'no_print': 'None', 'target_path': 'None', 'version_check': 'True', 'use_colors': 'True', 'log_path': 'logs', 'invocation_command': 'dbt deps', 'warn_error_options': 'WarnErrorOptionsV2(error=[], warn=[], silence=[])', 'warn_error': 'None', 'partial_parse': 'True', 'use_experimental_parser': 'False'}
[0m09:27:36.432021 [error] [MainThread]: Encountered an error:
Runtime Error
  No dbt_project.yml found at expected path /Users/abey/Downloads/nala-analytics-assessment/dbt_project.yml
  Verify that each entry within packages.yml (and their transitive dependencies) contains a file named dbt_project.yml
  
[0m09:27:36.433534 [debug] [MainThread]: Resource report: {"command_name": "deps", "command_success": false, "command_wall_clock_time": 0.059042543, "process_in_blocks": "0", "process_kernel_time": 0.114131, "process_mem_max_rss": "99598336", "process_out_blocks": "0", "process_user_time": 0.81003}
[0m09:27:36.433821 [debug] [MainThread]: Command `dbt deps` failed at 09:27:36.433755 after 0.06 seconds
[0m09:27:36.434029 [debug] [MainThread]: Sending event: {'category': 'dbt', 'action': 'invocation', 'label': 'end', 'context': [<snowplow_tracker.self_describing_json.SelfDescribingJson object at 0x105ba1c40>, <snowplow_tracker.self_describing_json.SelfDescribingJson object at 0x106c62250>, <snowplow_tracker.self_describing_json.SelfDescribingJson object at 0x106c623a0>]}
[0m09:27:36.434250 [debug] [MainThread]: Flushing usage events
[0m09:27:36.995530 [debug] [MainThread]: An error was encountered while trying to flush usage events
[0m09:31:35.699925 [debug] [MainThread]: Sending event: {'category': 'dbt', 'action': 'invocation', 'label': 'start', 'context': [<snowplow_tracker.self_describing_json.SelfDescribingJson object at 0x107c82bb0>, <snowplow_tracker.self_describing_json.SelfDescribingJson object at 0x108d18370>, <snowplow_tracker.self_describing_json.SelfDescribingJson object at 0x108d18790>]}


============================== 09:31:35.702755 | 06037edc-34a1-4cde-9b7d-de36d513db3d ==============================
[0m09:31:35.702755 [info ] [MainThread]: Running with dbt=1.11.0-b3
[0m09:31:35.703193 [debug] [MainThread]: running dbt with arguments {'partial_parse': 'True', 'send_anonymous_usage_stats': 'True', 'debug': 'False', 'write_json': 'True', 'indirect_selection': 'eager', 'target_path': 'None', 'warn_error': 'None', 'no_print': 'None', 'version_check': 'True', 'cache_selected_only': 'False', 'profiles_dir': '/Users/abey/.dbt', 'use_colors': 'True', 'log_format': 'default', 'warn_error_options': 'WarnErrorOptionsV2(error=[], warn=[], silence=[])', 'printer_width': '80', 'fail_fast': 'False', 'static_parser': 'True', 'log_cache_events': 'False', 'invocation_command': 'dbt init nala_analytics_assessment', 'quiet': 'False', 'empty': 'None', 'use_experimental_parser': 'False', 'introspect': 'True', 'log_path': 'logs'}
[0m09:31:35.711084 [info ] [MainThread]: Creating dbt configuration folder at /Users/abey/.dbt
[0m09:31:35.712107 [debug] [MainThread]: Starter project path: /Users/abey/Downloads/nala-analytics-assessment/.venv/lib/python3.9/site-packages/dbt/include/starter_project
[0m09:31:35.716458 [info ] [MainThread]: 
Your new dbt project "nala_analytics_assessment" was created!

For more information on how to configure the profiles.yml file,
please consult the dbt documentation here:

  https://docs.getdbt.com/docs/configure-your-profile

One more thing:

Need help? Don't hesitate to reach out to us via GitHub issues or on Slack:

  https://community.getdbt.com/

Happy modeling!

[0m09:31:35.716759 [info ] [MainThread]: Setting up your profile.
[0m09:35:30.430334 [error] [MainThread]: Encountered an error:

[0m09:35:30.454825 [error] [MainThread]: Traceback (most recent call last):
  File "/Users/abey/Downloads/nala-analytics-assessment/.venv/lib/python3.9/site-packages/dbt/cli/requires.py", line 178, in wrapper
    result, success = func(*args, **kwargs)
  File "/Users/abey/Downloads/nala-analytics-assessment/.venv/lib/python3.9/site-packages/dbt/cli/requires.py", line 128, in wrapper
    return func(*args, **kwargs)
  File "/Users/abey/Downloads/nala-analytics-assessment/.venv/lib/python3.9/site-packages/dbt/cli/main.py", line 483, in init
    results = task.run()
  File "/Users/abey/Downloads/nala-analytics-assessment/.venv/lib/python3.9/site-packages/dbt/task/init.py", line 346, in run
    self.setup_profile(profile_name)
  File "/Users/abey/Downloads/nala-analytics-assessment/.venv/lib/python3.9/site-packages/dbt/task/init.py", line 262, in setup_profile
    self.create_profile_from_target(adapter, profile_name=profile_name)
  File "/Users/abey/Downloads/nala-analytics-assessment/.venv/lib/python3.9/site-packages/dbt/task/init.py", line 179, in create_profile_from_target
    self.create_profile_from_profile_template(profile_template, profile_name)
  File "/Users/abey/Downloads/nala-analytics-assessment/.venv/lib/python3.9/site-packages/dbt/task/init.py", line 163, in create_profile_from_profile_template
    target = self.generate_target_from_input(prompts, initial_target)
  File "/Users/abey/Downloads/nala-analytics-assessment/.venv/lib/python3.9/site-packages/dbt/task/init.py", line 129, in generate_target_from_input
    target[key] = click.prompt(
  File "/Users/abey/Downloads/nala-analytics-assessment/.venv/lib/python3.9/site-packages/click/termui.py", line 164, in prompt
    value = prompt_func(prompt)
  File "/Users/abey/Downloads/nala-analytics-assessment/.venv/lib/python3.9/site-packages/click/termui.py", line 147, in prompt_func
    raise Abort() from None
click.exceptions.Abort

[0m09:35:30.457820 [debug] [MainThread]: Resource report: {"command_name": "init", "command_success": false, "command_wall_clock_time": 234.80786, "process_in_blocks": "0", "process_kernel_time": 0.19416, "process_mem_max_rss": "111001600", "process_out_blocks": "0", "process_user_time": 0.964896}
[0m09:35:30.458275 [debug] [MainThread]: Command `dbt init` failed at 09:35:30.458168 after 234.81 seconds
[0m09:35:30.458831 [debug] [MainThread]: Sending event: {'category': 'dbt', 'action': 'invocation', 'label': 'end', 'context': [<snowplow_tracker.self_describing_json.SelfDescribingJson object at 0x107c82bb0>, <snowplow_tracker.self_describing_json.SelfDescribingJson object at 0x108cd2580>, <snowplow_tracker.self_describing_json.SelfDescribingJson object at 0x109b32af0>]}
[0m09:35:30.459225 [debug] [MainThread]: Flushing usage events
[0m09:35:31.029031 [debug] [MainThread]: An error was encountered while trying to flush usage events
[0m09:35:35.890224 [debug] [MainThread]: Sending event: {'category': 'dbt', 'action': 'invocation', 'label': 'start', 'context': [<snowplow_tracker.self_describing_json.SelfDescribingJson object at 0x105f6ebe0>, <snowplow_tracker.self_describing_json.SelfDescribingJson object at 0x1073342e0>, <snowplow_tracker.self_describing_json.SelfDescribingJson object at 0x107334850>]}


============================== 09:35:35.893017 | 021cb96c-6f4d-4d31-968f-64d76ed01bc0 ==============================
[0m09:35:35.893017 [info ] [MainThread]: Running with dbt=1.11.0-b3
[0m09:35:35.893434 [debug] [MainThread]: running dbt with arguments {'profiles_dir': '/Users/abey/.dbt', 'write_json': 'True', 'target_path': 'None', 'use_experimental_parser': 'False', 'printer_width': '80', 'empty': 'None', 'version_check': 'True', 'log_cache_events': 'False', 'no_print': 'None', 'static_parser': 'True', 'debug': 'False', 'cache_selected_only': 'False', 'indirect_selection': 'eager', 'use_colors': 'True', 'introspect': 'True', 'quiet': 'False', 'fail_fast': 'False', 'log_format': 'default', 'send_anonymous_usage_stats': 'True', 'invocation_command': 'dbt init nala_analytics_assessment', 'partial_parse': 'True', 'warn_error_options': 'WarnErrorOptionsV2(error=[], warn=[], silence=[])', 'log_path': 'logs', 'warn_error': 'None'}
[0m09:35:35.901730 [info ] [MainThread]: A project called nala_analytics_assessment already exists here.
[0m09:35:35.903127 [debug] [MainThread]: Resource report: {"command_name": "init", "command_success": true, "command_wall_clock_time": 0.06776525, "process_in_blocks": "0", "process_kernel_time": 0.108866, "process_mem_max_rss": "98271232", "process_out_blocks": "0", "process_user_time": 0.813811}
[0m09:35:35.903438 [debug] [MainThread]: Command `dbt init` succeeded at 09:35:35.903371 after 0.07 seconds
[0m09:35:35.903653 [debug] [MainThread]: Sending event: {'category': 'dbt', 'action': 'invocation', 'label': 'end', 'context': [<snowplow_tracker.self_describing_json.SelfDescribingJson object at 0x105f6ebe0>, <snowplow_tracker.self_describing_json.SelfDescribingJson object at 0x1072cdbb0>, <snowplow_tracker.self_describing_json.SelfDescribingJson object at 0x107305d90>]}
[0m09:35:35.903882 [debug] [MainThread]: Flushing usage events
[0m09:35:36.420965 [debug] [MainThread]: An error was encountered while trying to flush usage events
[0m09:35:49.992367 [debug] [MainThread]: Sending event: {'category': 'dbt', 'action': 'invocation', 'label': 'start', 'context': [<snowplow_tracker.self_describing_json.SelfDescribingJson object at 0x10334abb0>, <snowplow_tracker.self_describing_json.SelfDescribingJson object at 0x1043e0370>, <snowplow_tracker.self_describing_json.SelfDescribingJson object at 0x1043e0790>]}


============================== 09:35:49.995199 | c967a845-b13b-4f31-adb3-95459f46a612 ==============================
[0m09:35:49.995199 [info ] [MainThread]: Running with dbt=1.11.0-b3
[0m09:35:49.995618 [debug] [MainThread]: running dbt with arguments {'static_parser': 'True', 'invocation_command': 'dbt parse', 'empty': 'None', 'use_experimental_parser': 'False', 'target_path': 'None', 'log_path': 'logs', 'log_format': 'default', 'indirect_selection': 'eager', 'cache_selected_only': 'False', 'printer_width': '80', 'no_print': 'None', 'quiet': 'False', 'write_json': 'True', 'use_colors': 'True', 'partial_parse': 'True', 'introspect': 'True', 'debug': 'False', 'profiles_dir': '/Users/abey/.dbt', 'fail_fast': 'False', 'warn_error_options': 'WarnErrorOptionsV2(error=[], warn=[], silence=[])', 'warn_error': 'None', 'log_cache_events': 'False', 'version_check': 'True', 'send_anonymous_usage_stats': 'True'}
[0m09:35:49.995992 [error] [MainThread]: Encountered an error:
Runtime Error
  No dbt_project.yml found at expected path /Users/abey/Downloads/nala-analytics-assessment/dbt_project.yml
  Verify that each entry within packages.yml (and their transitive dependencies) contains a file named dbt_project.yml
  
[0m09:35:49.997257 [debug] [MainThread]: Resource report: {"command_name": "parse", "command_success": false, "command_wall_clock_time": 0.055404957, "process_in_blocks": "0", "process_kernel_time": 0.101973, "process_mem_max_rss": "98402304", "process_out_blocks": "0", "process_user_time": 0.832648}
[0m09:35:49.997535 [debug] [MainThread]: Command `dbt parse` failed at 09:35:49.997475 after 0.06 seconds
[0m09:35:49.997745 [debug] [MainThread]: Sending event: {'category': 'dbt', 'action': 'invocation', 'label': 'end', 'context': [<snowplow_tracker.self_describing_json.SelfDescribingJson object at 0x10334abb0>, <snowplow_tracker.self_describing_json.SelfDescribingJson object at 0x1043e0040>, <snowplow_tracker.self_describing_json.SelfDescribingJson object at 0x1043e08e0>]}
[0m09:35:49.997980 [debug] [MainThread]: Flushing usage events
[0m09:35:50.491261 [debug] [MainThread]: An error was encountered while trying to flush usage events
[0m13:36:56.963947 [debug] [MainThread]: Sending event: {'category': 'dbt', 'action': 'invocation', 'label': 'start', 'context': [<snowplow_tracker.self_describing_json.SelfDescribingJson object at 0x103cacc10>, <snowplow_tracker.self_describing_json.SelfDescribingJson object at 0x105a77430>, <snowplow_tracker.self_describing_json.SelfDescribingJson object at 0x105a77730>]}


============================== 13:36:56.966456 | 356ac3e7-2158-4ba7-a328-9a04b2772dfb ==============================
[0m13:36:56.966456 [info ] [MainThread]: Running with dbt=1.11.0-b3
[0m13:36:56.966863 [debug] [MainThread]: running dbt with arguments {'use_experimental_parser': 'False', 'write_json': 'True', 'no_print': 'None', 'log_path': '/Users/abey/Downloads/nala-analytics-assessment/logs', 'quiet': 'False', 'fail_fast': 'False', 'empty': 'None', 'introspect': 'True', 'use_colors': 'True', 'static_parser': 'True', 'printer_width': '80', 'version_check': 'True', 'invocation_command': 'dbt ', 'indirect_selection': 'eager', 'warn_error': 'None', 'warn_error_options': 'WarnErrorOptionsV2(error=[], warn=[], silence=[])', 'debug': 'False', 'log_format': 'default', 'send_anonymous_usage_stats': 'True', 'cache_selected_only': 'False', 'partial_parse': 'True', 'target_path': 'None', 'profiles_dir': '/Users/abey/.dbt', 'log_cache_events': 'False'}
[0m13:36:57.740388 [debug] [MainThread]: Sending event: {'category': 'dbt', 'action': 'project_id', 'label': '356ac3e7-2158-4ba7-a328-9a04b2772dfb', 'context': [<snowplow_tracker.self_describing_json.SelfDescribingJson object at 0x105049cd0>]}
[0m13:36:57.756329 [info ] [MainThread]: Warning: No packages were found in packages.yml
[0m13:36:57.757503 [info ] [MainThread]: Warning: No packages were found in packages.yml
[0m13:36:57.760745 [debug] [MainThread]: Resource report: {"command_name": "deps", "command_success": true, "command_wall_clock_time": 0.8440962, "process_in_blocks": "0", "process_kernel_time": 0.117174, "process_mem_max_rss": "102563840", "process_out_blocks": "0", "process_user_time": 0.88096}
[0m13:36:57.761252 [debug] [MainThread]: Command `cli deps` succeeded at 13:36:57.761153 after 0.84 seconds
[0m13:36:57.761694 [debug] [MainThread]: Sending event: {'category': 'dbt', 'action': 'invocation', 'label': 'end', 'context': [<snowplow_tracker.self_describing_json.SelfDescribingJson object at 0x103cacc10>, <snowplow_tracker.self_describing_json.SelfDescribingJson object at 0x105d1f280>, <snowplow_tracker.self_describing_json.SelfDescribingJson object at 0x105a475e0>]}
[0m13:36:57.762150 [debug] [MainThread]: Flushing usage events
[0m13:36:58.202794 [debug] [MainThread]: An error was encountered while trying to flush usage events
